# JRE version: OpenJDK Runtime Environment (17.0.10) (build 17.0.10+0--11572160)
# Java VM: OpenJDK 64-Bit Server VM (17.0.10+0--11572160, mixed mode, tiered, compressed oops, compressed class ptrs, g1 gc, windows-amd64)
GC Precious Log:
 CPUs: 4 total, 4 available
 Memory: 3955M
 Large Page Support: Disabled
 NUMA Support: Disabled
 Compressed Oops: Enabled (32-bit)
 Heap Region Size: 1M
 Heap Min Capacity: 8M
 Heap Initial Capacity: 62M
 Heap Max Capacity: 2G
 Pre-touch: Disabled
 Parallel Workers: 4
 Concurrent Workers: 1
 Concurrent Refinement Workers: 4
 Periodic GC: Disabled
Heap:
 garbage-first heap   total 250880K, used 131853K [0x0000000080000000, 0x0000000100000000)
  region size 1024K, 21 young (21504K), 12 survivors (12288K)
 Metaspace       used 95731K, committed 96448K, reserved 1179648K
  class space    used 12954K, committed 13312K, reserved 1048576K
GC Heap History (20 events):
Event: 22.633 GC heap before
{Heap before GC invocations=27 (full 0):
 garbage-first heap   total 155648K, used 65201K [0x0000000080000000, 0x0000000100000000)
  region size 1024K, 7 young (7168K), 5 survivors (5120K)
 Metaspace       used 55487K, committed 56000K, reserved 1114112K
  class space    used 7480K, committed 7744K, reserved 1048576K
}
Event: 22.645 GC heap after
{Heap after GC invocations=28 (full 0):
 garbage-first heap   total 155648K, used 63663K [0x0000000080000000, 0x0000000100000000)
  region size 1024K, 1 young (1024K), 1 survivors (1024K)
 Metaspace       used 55487K, committed 56000K, reserved 1114112K
  class space    used 7480K, committed 7744K, reserved 1048576K
}
Event: 24.985 GC heap before
{Heap before GC invocations=28 (full 0):
 garbage-first heap   total 155648K, used 122031K [0x0000000080000000, 0x0000000100000000)
  region size 1024K, 55 young (56320K), 1 survivors (1024K)
 Metaspace       used 58896K, committed 59520K, reserved 1114112K
  class space    used 7922K, committed 8192K, reserved 1048576K
}
Event: 25.014 GC heap after
{Heap after GC invocations=29 (full 0):
 garbage-first heap   total 155648K, used 74921K [0x0000000080000000, 0x0000000100000000)
  region size 1024K, 7 young (7168K), 7 survivors (7168K)
 Metaspace       used 58896K, committed 59520K, reserved 1114112K
  class space    used 7922K, committed 8192K, reserved 1048576K
}
Event: 28.379 GC heap before
{Heap before GC invocations=29 (full 0):
 garbage-first heap   total 155648K, used 118953K [0x0000000080000000, 0x0000000100000000)
  region size 1024K, 50 young (51200K), 7 survivors (7168K)
 Metaspace       used 66189K, committed 66880K, reserved 1114112K
  class space    used 8811K, committed 9152K, reserved 1048576K
}
Event: 28.409 GC heap after
{Heap after GC invocations=30 (full 0):
 garbage-first heap   total 155648K, used 77907K [0x0000000080000000, 0x0000000100000000)
  region size 1024K, 3 young (3072K), 3 survivors (3072K)
 Metaspace       used 66189K, committed 66880K, reserved 1114112K
  class space    used 8811K, committed 9152K, reserved 1048576K
}
Event: 28.868 GC heap before
{Heap before GC invocations=30 (full 0):
 garbage-first heap   total 155648K, used 80979K [0x0000000080000000, 0x0000000100000000)
  region size 1024K, 7 young (7168K), 3 survivors (3072K)
 Metaspace       used 67502K, committed 68224K, reserved 1114112K
  class space    used 8952K, committed 9280K, reserved 1048576K
}
Event: 28.880 GC heap after
{Heap after GC invocations=31 (full 0):
 garbage-first heap   total 155648K, used 78755K [0x0000000080000000, 0x0000000100000000)
  region size 1024K, 4 young (4096K), 4 survivors (4096K)
 Metaspace       used 67502K, committed 68224K, reserved 1114112K
  class space    used 8952K, committed 9280K, reserved 1048576K
}
Event: 30.276 GC heap before
{Heap before GC invocations=32 (full 0):
 garbage-first heap   total 163840K, used 129955K [0x0000000080000000, 0x0000000100000000)
  region size 1024K, 48 young (49152K), 4 survivors (4096K)
 Metaspace       used 70739K, committed 71360K, reserved 1114112K
  class space    used 9375K, committed 9664K, reserved 1048576K
}
Event: 30.291 GC heap after
{Heap after GC invocations=33 (full 0):
 garbage-first heap   total 163840K, used 82186K [0x0000000080000000, 0x0000000100000000)
  region size 1024K, 5 young (5120K), 5 survivors (5120K)
 Metaspace       used 70739K, committed 71360K, reserved 1114112K
  class space    used 9375K, committed 9664K, reserved 1048576K
}
Event: 30.431 GC heap before
{Heap before GC invocations=33 (full 0):
 garbage-first heap   total 163840K, used 85258K [0x0000000080000000, 0x0000000100000000)
  region size 1024K, 8 young (8192K), 5 survivors (5120K)
 Metaspace       used 71052K, committed 71680K, reserved 1114112K
  class space    used 9405K, committed 9728K, reserved 1048576K
}
Event: 30.446 GC heap after
{Heap after GC invocations=34 (full 0):
 garbage-first heap   total 163840K, used 82486K [0x0000000080000000, 0x0000000100000000)
  region size 1024K, 1 young (1024K), 1 survivors (1024K)
 Metaspace       used 71052K, committed 71680K, reserved 1114112K
  class space    used 9405K, committed 9728K, reserved 1048576K
}
Event: 31.790 GC heap before
{Heap before GC invocations=34 (full 0):
 garbage-first heap   total 163840K, used 129590K [0x0000000080000000, 0x0000000100000000)
  region size 1024K, 47 young (48128K), 1 survivors (1024K)
 Metaspace       used 75774K, committed 76480K, reserved 1179648K
  class space    used 10061K, committed 10368K, reserved 1048576K
}
Event: 31.804 GC heap after
{Heap after GC invocations=35 (full 0):
 garbage-first heap   total 250880K, used 86438K [0x0000000080000000, 0x0000000100000000)
  region size 1024K, 5 young (5120K), 5 survivors (5120K)
 Metaspace       used 75774K, committed 76480K, reserved 1179648K
  class space    used 10061K, committed 10368K, reserved 1048576K
}
Event: 39.411 GC heap before
{Heap before GC invocations=36 (full 0):
 garbage-first heap   total 250880K, used 188838K [0x0000000080000000, 0x0000000100000000)
  region size 1024K, 95 young (97280K), 5 survivors (5120K)
 Metaspace       used 89253K, committed 89984K, reserved 1179648K
  class space    used 12237K, committed 12544K, reserved 1048576K
}
Event: 39.490 GC heap after
{Heap after GC invocations=37 (full 0):
 garbage-first heap   total 250880K, used 103753K [0x0000000080000000, 0x0000000100000000)
  region size 1024K, 12 young (12288K), 12 survivors (12288K)
 Metaspace       used 89253K, committed 89984K, reserved 1179648K
  class space    used 12237K, committed 12544K, reserved 1048576K
}
Event: 39.511 GC heap before
{Heap before GC invocations=37 (full 0):
 garbage-first heap   total 250880K, used 104777K [0x0000000080000000, 0x0000000100000000)
  region size 1024K, 13 young (13312K), 12 survivors (12288K)
 Metaspace       used 89253K, committed 89984K, reserved 1179648K
  class space    used 12237K, committed 12544K, reserved 1048576K
}
Event: 39.598 GC heap after
{Heap after GC invocations=38 (full 0):
 garbage-first heap   total 250880K, used 103801K [0x0000000080000000, 0x0000000100000000)
  region size 1024K, 2 young (2048K), 2 survivors (2048K)
 Metaspace       used 89253K, committed 89984K, reserved 1179648K
  class space    used 12237K, committed 12544K, reserved 1048576K
}
Event: 43.605 GC heap before
{Heap before GC invocations=38 (full 0):
 garbage-first heap   total 250880K, used 204153K [0x0000000080000000, 0x0000000100000000)
  region size 1024K, 95 young (97280K), 2 survivors (2048K)
 Metaspace       used 94551K, committed 95296K, reserved 1179648K
  class space    used 12826K, committed 13184K, reserved 1048576K
}
Event: 43.703 GC heap after
{Heap after GC invocations=39 (full 0):
 garbage-first heap   total 250880K, used 123661K [0x0000000080000000, 0x0000000100000000)
  region size 1024K, 12 young (12288K), 12 survivors (12288K)
 Metaspace       used 94551K, committed 95296K, reserved 1179648K
  class space    used 12826K, committed 13184K, reserved 1048576K
}

