# JRE version: OpenJDK Runtime Environment (17.0.10) (build 17.0.10+0--11572160)
# Java VM: OpenJDK 64-Bit Server VM (17.0.10+0--11572160, mixed mode, tiered, compressed oops, compressed class ptrs, g1 gc, windows-amd64)
GC Precious Log:
 CPUs: 4 total, 4 available
 Memory: 3955M
 Large Page Support: Disabled
 NUMA Support: Disabled
 Compressed Oops: Enabled (32-bit)
 Heap Region Size: 1M
 Heap Min Capacity: 8M
 Heap Initial Capacity: 62M
 Heap Max Capacity: 2G
 Pre-touch: Disabled
 Parallel Workers: 4
 Concurrent Workers: 1
 Concurrent Refinement Workers: 4
 Periodic GC: Disabled
Heap:
 garbage-first heap   total 206848K, used 122657K [0x0000000080000000, 0x0000000100000000)
  region size 1024K, 2 young (2048K), 2 survivors (2048K)
 Metaspace       used 93844K, committed 94592K, reserved 1179648K
  class space    used 12768K, committed 13120K, reserved 1048576K
GC Heap History (20 events):
Event: 25.878 GC heap after
{Heap after GC invocations=30 (full 0):
 garbage-first heap   total 186368K, used 60236K [0x0000000080000000, 0x0000000100000000)
  region size 1024K, 1 young (1024K), 1 survivors (1024K)
 Metaspace       used 52279K, committed 52928K, reserved 1114112K
  class space    used 7000K, committed 7296K, reserved 1048576K
}
Event: 28.697 GC heap before
{Heap before GC invocations=30 (full 0):
 garbage-first heap   total 186368K, used 132940K [0x0000000080000000, 0x0000000100000000)
  region size 1024K, 68 young (69632K), 1 survivors (1024K)
 Metaspace       used 56914K, committed 57536K, reserved 1114112K
  class space    used 7641K, committed 7936K, reserved 1048576K
}
Event: 28.713 GC heap after
{Heap after GC invocations=31 (full 0):
 garbage-first heap   total 186368K, used 72442K [0x0000000080000000, 0x0000000100000000)
  region size 1024K, 9 young (9216K), 9 survivors (9216K)
 Metaspace       used 56914K, committed 57536K, reserved 1114112K
  class space    used 7641K, committed 7936K, reserved 1048576K
}
Event: 31.752 GC heap before
{Heap before GC invocations=31 (full 0):
 garbage-first heap   total 186368K, used 145146K [0x0000000080000000, 0x0000000100000000)
  region size 1024K, 76 young (77824K), 9 survivors (9216K)
 Metaspace       used 67503K, committed 68224K, reserved 1114112K
  class space    used 8959K, committed 9280K, reserved 1048576K
}
Event: 31.779 GC heap after
{Heap after GC invocations=32 (full 0):
 garbage-first heap   total 186368K, used 81426K [0x0000000080000000, 0x0000000100000000)
  region size 1024K, 6 young (6144K), 6 survivors (6144K)
 Metaspace       used 67503K, committed 68224K, reserved 1114112K
  class space    used 8959K, committed 9280K, reserved 1048576K
}
Event: 33.841 GC heap before
{Heap before GC invocations=32 (full 0):
 garbage-first heap   total 186368K, used 145938K [0x0000000080000000, 0x0000000100000000)
  region size 1024K, 67 young (68608K), 6 survivors (6144K)
 Metaspace       used 73725K, committed 74368K, reserved 1114112K
  class space    used 9810K, committed 10112K, reserved 1048576K
}
Event: 33.860 GC heap after
{Heap after GC invocations=33 (full 0):
 garbage-first heap   total 186368K, used 81232K [0x0000000080000000, 0x0000000100000000)
  region size 1024K, 4 young (4096K), 4 survivors (4096K)
 Metaspace       used 73725K, committed 74368K, reserved 1114112K
  class space    used 9810K, committed 10112K, reserved 1048576K
}
Event: 38.840 GC heap before
{Heap before GC invocations=33 (full 0):
 garbage-first heap   total 186368K, used 149840K [0x0000000080000000, 0x0000000100000000)
  region size 1024K, 68 young (69632K), 4 survivors (4096K)
 Metaspace       used 80912K, committed 81600K, reserved 1179648K
  class space    used 10713K, committed 11008K, reserved 1048576K
}
Event: 38.891 GC heap after
{Heap after GC invocations=34 (full 0):
 garbage-first heap   total 186368K, used 95110K [0x0000000080000000, 0x0000000100000000)
  region size 1024K, 9 young (9216K), 9 survivors (9216K)
 Metaspace       used 80912K, committed 81600K, reserved 1179648K
  class space    used 10713K, committed 11008K, reserved 1048576K
}
Event: 39.809 GC heap before
{Heap before GC invocations=34 (full 0):
 garbage-first heap   total 186368K, used 112518K [0x0000000080000000, 0x0000000100000000)
  region size 1024K, 27 young (27648K), 9 survivors (9216K)
 Metaspace       used 84376K, committed 85056K, reserved 1179648K
  class space    used 11150K, committed 11456K, reserved 1048576K
}
Event: 39.839 GC heap after
{Heap after GC invocations=35 (full 0):
 garbage-first heap   total 186368K, used 97061K [0x0000000080000000, 0x0000000100000000)
  region size 1024K, 2 young (2048K), 2 survivors (2048K)
 Metaspace       used 84376K, committed 85056K, reserved 1179648K
  class space    used 11150K, committed 11456K, reserved 1048576K
}
Event: 41.589 GC heap before
{Heap before GC invocations=36 (full 0):
 garbage-first heap   total 186368K, used 151333K [0x0000000080000000, 0x0000000100000000)
  region size 1024K, 50 young (51200K), 2 survivors (2048K)
 Metaspace       used 89356K, committed 90176K, reserved 1179648K
  class space    used 12253K, committed 12608K, reserved 1048576K
}
Event: 41.625 GC heap after
{Heap after GC invocations=37 (full 0):
 garbage-first heap   total 186368K, used 111350K [0x0000000080000000, 0x0000000100000000)
  region size 1024K, 7 young (7168K), 7 survivors (7168K)
 Metaspace       used 89356K, committed 90176K, reserved 1179648K
  class space    used 12253K, committed 12608K, reserved 1048576K
}
Event: 41.650 GC heap before
{Heap before GC invocations=37 (full 0):
 garbage-first heap   total 186368K, used 113398K [0x0000000080000000, 0x0000000100000000)
  region size 1024K, 9 young (9216K), 7 survivors (7168K)
 Metaspace       used 89356K, committed 90176K, reserved 1179648K
  class space    used 12253K, committed 12608K, reserved 1048576K
}
Event: 41.682 GC heap after
{Heap after GC invocations=38 (full 0):
 garbage-first heap   total 186368K, used 111616K [0x0000000080000000, 0x0000000100000000)
  region size 1024K, 1 young (1024K), 1 survivors (1024K)
 Metaspace       used 89356K, committed 90176K, reserved 1179648K
  class space    used 12253K, committed 12608K, reserved 1048576K
}
Event: 42.610 GC heap before
{Heap before GC invocations=38 (full 0):
 garbage-first heap   total 186368K, used 147456K [0x0000000080000000, 0x0000000100000000)
  region size 1024K, 36 young (36864K), 1 survivors (1024K)
 Metaspace       used 89684K, committed 90432K, reserved 1179648K
  class space    used 12281K, committed 12608K, reserved 1048576K
}
Event: 42.646 GC heap after
{Heap after GC invocations=39 (full 0):
 garbage-first heap   total 186368K, used 116017K [0x0000000080000000, 0x0000000100000000)
  region size 1024K, 5 young (5120K), 5 survivors (5120K)
 Metaspace       used 89684K, committed 90432K, reserved 1179648K
  class space    used 12281K, committed 12608K, reserved 1048576K
}
Event: 44.067 GC heap before
{Heap before GC invocations=40 (full 0):
 garbage-first heap   total 206848K, used 141617K [0x0000000080000000, 0x0000000100000000)
  region size 1024K, 33 young (33792K), 5 survivors (5120K)
 Metaspace       used 93038K, committed 93760K, reserved 1179648K
  class space    used 12677K, committed 12992K, reserved 1048576K
}
Event: 44.108 GC heap after
{Heap after GC invocations=41 (full 0):
 garbage-first heap   total 206848K, used 115211K [0x0000000080000000, 0x0000000100000000)
  region size 1024K, 2 young (2048K), 2 survivors (2048K)
 Metaspace       used 93038K, committed 93760K, reserved 1179648K
  class space    used 12677K, committed 12992K, reserved 1048576K
}
Event: 44.826 GC heap before
{Heap before GC invocations=41 (full 0):
 garbage-first heap   total 206848K, used 128523K [0x0000000080000000, 0x0000000100000000)
  region size 1024K, 10 young (10240K), 2 survivors (2048K)
 Metaspace       used 93844K, committed 94592K, reserved 1179648K
  class space    used 12768K, committed 13120K, reserved 1048576K
}

