# JRE version: OpenJDK Runtime Environment (17.0.10) (build 17.0.10+0--11572160)
# Java VM: OpenJDK 64-Bit Server VM (17.0.10+0--11572160, mixed mode, tiered, compressed oops, compressed class ptrs, g1 gc, windows-amd64)
GC Precious Log:
 CPUs: 4 total, 4 available
 Memory: 3955M
 Large Page Support: Disabled
 NUMA Support: Disabled
 Compressed Oops: Enabled (32-bit)
 Heap Region Size: 1M
 Heap Min Capacity: 8M
 Heap Initial Capacity: 62M
 Heap Max Capacity: 2G
 Pre-touch: Disabled
 Parallel Workers: 4
 Concurrent Workers: 1
 Concurrent Refinement Workers: 4
 Periodic GC: Disabled
Heap:
 garbage-first heap   total 178176K, used 112243K [0x0000000080000000, 0x0000000100000000)
  region size 1024K, 6 young (6144K), 6 survivors (6144K)
 Metaspace       used 95874K, committed 96576K, reserved 1179648K
  class space    used 13098K, committed 13440K, reserved 1048576K
GC Heap History (20 events):
Event: 36.113 GC heap after
{Heap after GC invocations=35 (full 0):
 garbage-first heap   total 178176K, used 69417K [0x0000000080000000, 0x0000000100000000)
  region size 1024K, 3 young (3072K), 3 survivors (3072K)
 Metaspace       used 65114K, committed 65792K, reserved 1114112K
  class space    used 8846K, committed 9152K, reserved 1048576K
}
Event: 41.295 GC heap before
{Heap before GC invocations=36 (full 0):
 garbage-first heap   total 178176K, used 130857K [0x0000000080000000, 0x0000000100000000)
  region size 1024K, 60 young (61440K), 3 survivors (3072K)
 Metaspace       used 73417K, committed 74048K, reserved 1114112K
  class space    used 10162K, committed 10432K, reserved 1048576K
}
Event: 41.325 GC heap after
{Heap after GC invocations=37 (full 0):
 garbage-first heap   total 178176K, used 78601K [0x0000000080000000, 0x0000000100000000)
  region size 1024K, 8 young (8192K), 8 survivors (8192K)
 Metaspace       used 73417K, committed 74048K, reserved 1114112K
  class space    used 10162K, committed 10432K, reserved 1048576K
}
Event: 41.388 GC heap before
{Heap before GC invocations=37 (full 0):
 garbage-first heap   total 178176K, used 79625K [0x0000000080000000, 0x0000000100000000)
  region size 1024K, 9 young (9216K), 8 survivors (8192K)
 Metaspace       used 73578K, committed 74240K, reserved 1114112K
  class space    used 10178K, committed 10496K, reserved 1048576K
}
Event: 41.419 GC heap after
{Heap after GC invocations=38 (full 0):
 garbage-first heap   total 178176K, used 79113K [0x0000000080000000, 0x0000000100000000)
  region size 1024K, 1 young (1024K), 1 survivors (1024K)
 Metaspace       used 73578K, committed 74240K, reserved 1114112K
  class space    used 10178K, committed 10496K, reserved 1048576K
}
Event: 42.741 GC heap before
{Heap before GC invocations=38 (full 0):
 garbage-first heap   total 178176K, used 108809K [0x0000000080000000, 0x0000000100000000)
  region size 1024K, 30 young (30720K), 1 survivors (1024K)
 Metaspace       used 77348K, committed 78144K, reserved 1179648K
  class space    used 10704K, committed 11072K, reserved 1048576K
}
Event: 42.752 GC heap after
{Heap after GC invocations=39 (full 0):
 garbage-first heap   total 178176K, used 83521K [0x0000000080000000, 0x0000000100000000)
  region size 1024K, 5 young (5120K), 5 survivors (5120K)
 Metaspace       used 77348K, committed 78144K, reserved 1179648K
  class space    used 10704K, committed 11072K, reserved 1048576K
}
Event: 42.754 GC heap before
{Heap before GC invocations=39 (full 0):
 garbage-first heap   total 178176K, used 85569K [0x0000000080000000, 0x0000000100000000)
  region size 1024K, 6 young (6144K), 5 survivors (5120K)
 Metaspace       used 77348K, committed 78144K, reserved 1179648K
  class space    used 10704K, committed 11072K, reserved 1048576K
}
Event: 42.764 GC heap after
{Heap after GC invocations=40 (full 0):
 garbage-first heap   total 178176K, used 85237K [0x0000000080000000, 0x0000000100000000)
  region size 1024K, 1 young (1024K), 1 survivors (1024K)
 Metaspace       used 77348K, committed 78144K, reserved 1179648K
  class space    used 10704K, committed 11072K, reserved 1048576K
}
Event: 44.581 GC heap before
{Heap before GC invocations=41 (full 0):
 garbage-first heap   total 178176K, used 142581K [0x0000000080000000, 0x0000000100000000)
  region size 1024K, 54 young (55296K), 1 survivors (1024K)
 Metaspace       used 81987K, committed 82688K, reserved 1179648K
  class space    used 11357K, committed 11712K, reserved 1048576K
}
Event: 44.594 GC heap after
{Heap after GC invocations=42 (full 0):
 garbage-first heap   total 178176K, used 88159K [0x0000000080000000, 0x0000000100000000)
  region size 1024K, 4 young (4096K), 4 survivors (4096K)
 Metaspace       used 81987K, committed 82688K, reserved 1179648K
  class space    used 11357K, committed 11712K, reserved 1048576K
}
Event: 44.741 GC heap before
{Heap before GC invocations=42 (full 0):
 garbage-first heap   total 178176K, used 91231K [0x0000000080000000, 0x0000000100000000)
  region size 1024K, 8 young (8192K), 4 survivors (4096K)
 Metaspace       used 82562K, committed 83264K, reserved 1179648K
  class space    used 11435K, committed 11776K, reserved 1048576K
}
Event: 44.757 GC heap after
{Heap after GC invocations=43 (full 0):
 garbage-first heap   total 178176K, used 88189K [0x0000000080000000, 0x0000000100000000)
  region size 1024K, 1 young (1024K), 1 survivors (1024K)
 Metaspace       used 82562K, committed 83264K, reserved 1179648K
  class space    used 11435K, committed 11776K, reserved 1048576K
}
Event: 47.781 GC heap before
{Heap before GC invocations=43 (full 0):
 garbage-first heap   total 178176K, used 141437K [0x0000000080000000, 0x0000000100000000)
  region size 1024K, 54 young (55296K), 1 survivors (1024K)
 Metaspace       used 88604K, committed 89344K, reserved 1179648K
  class space    used 12202K, committed 12544K, reserved 1048576K
}
Event: 47.809 GC heap after
{Heap after GC invocations=44 (full 0):
 garbage-first heap   total 178176K, used 92427K [0x0000000080000000, 0x0000000100000000)
  region size 1024K, 5 young (5120K), 5 survivors (5120K)
 Metaspace       used 88604K, committed 89344K, reserved 1179648K
  class space    used 12202K, committed 12544K, reserved 1048576K
}
Event: 50.880 GC heap before
{Heap before GC invocations=45 (full 0):
 garbage-first heap   total 178176K, used 149771K [0x0000000080000000, 0x0000000100000000)
  region size 1024K, 54 young (55296K), 5 survivors (5120K)
 Metaspace       used 95703K, committed 96448K, reserved 1179648K
  class space    used 13093K, committed 13440K, reserved 1048576K
}
Event: 50.920 GC heap after
{Heap after GC invocations=46 (full 0):
 garbage-first heap   total 178176K, used 103937K [0x0000000080000000, 0x0000000100000000)
  region size 1024K, 5 young (5120K), 5 survivors (5120K)
 Metaspace       used 95703K, committed 96448K, reserved 1179648K
  class space    used 13093K, committed 13440K, reserved 1048576K
}
Event: 50.977 GC heap before
{Heap before GC invocations=46 (full 0):
 garbage-first heap   total 178176K, used 107009K [0x0000000080000000, 0x0000000100000000)
  region size 1024K, 8 young (8192K), 5 survivors (5120K)
 Metaspace       used 95703K, committed 96448K, reserved 1179648K
  class space    used 13093K, committed 13440K, reserved 1048576K
}
Event: 51.003 GC heap after
{Heap after GC invocations=47 (full 0):
 garbage-first heap   total 178176K, used 104155K [0x0000000080000000, 0x0000000100000000)
  region size 1024K, 1 young (1024K), 1 survivors (1024K)
 Metaspace       used 95703K, committed 96448K, reserved 1179648K
  class space    used 13093K, committed 13440K, reserved 1048576K
}
Event: 52.105 GC heap before
{Heap before GC invocations=47 (full 0):
 garbage-first heap   total 178176K, used 146139K [0x0000000080000000, 0x0000000100000000)
  region size 1024K, 42 young (43008K), 1 survivors (1024K)
 Metaspace       used 95874K, committed 96576K, reserved 1179648K
  class space    used 13098K, committed 13440K, reserved 1048576K
}

